[0827/070830.383:ERROR:process_memory_win.cc(73)] ReadMemory at 0x288c12a3730 of 72 bytes failed: Only part of a ReadProcessMemory or WriteProcessMemory request was completed. (0x12B)
[0827/070831.722:WARNING:pe_image_annotations_reader.cc(134)] could not read annotations list object in C:\Program Files (x86)\Google\Chrome\Application\76.0.3809.100\chrome_elf.dll
[0827/070831.723:ERROR:process_memory_win.cc(73)] ReadMemory at 0x288c15bfa80 of 72 bytes failed: Only part of a ReadProcessMemory or WriteProcessMemory request was completed. (0x12B)
[0827/070831.723:WARNING:pe_image_annotations_reader.cc(134)] could not read annotations list object in C:\Program Files (x86)\Google\Chrome\Application\76.0.3809.100\chrome_child.dll
[0827/070853.572:ERROR:process_memory_win.cc(73)] ReadMemory at 0x7ff6f9b20000 of 64 bytes failed: Only part of a ReadProcessMemory or WriteProcessMemory request was completed. (0x12B)
[0827/070853.572:WARNING:pe_image_reader.cc(340)] could not read dos header from C:\Program Files (x86)\Google\Chrome\Application\chrome.exe
[0827/070853.572:ERROR:process_memory_win.cc(73)] ReadMemory at 0x7ffd38bc0000 of 64 bytes failed: Only part of a ReadProcessMemory or WriteProcessMemory request was completed. (0x12B)
[0827/070853.572:WARNING:pe_image_reader.cc(340)] could not read dos header from C:\WINDOWS\SYSTEM32\ntdll.dll
[0827/070853.572:ERROR:process_memory_win.cc(73)] ReadMemory at 0x7ffd36340000 of 64 bytes failed: Only part of a ReadProcessMemory or WriteProcessMemory request was completed. (0x12B)
[0827/070853.572:WARNING:pe_image_reader.cc(340)] could not read dos header from C:\WINDOWS\System32\KERNEL32.dll
[0827/070853.572:ERROR:process_memory_win.cc(73)] ReadMemory at 0x7ffd351b0000 of 64 bytes failed: Only part of a ReadProcessMemory or WriteProcessMemory request was completed. (0x12B)
[0827/070853.572:WARNING:pe_image_reader.cc(340)] could not read dos header from C:\WINDOWS\System32\KERNELBASE.dll
[0827/070853.573:ERROR:process_memory_win.cc(73)] ReadMemory at 0x7ffcf0120000 of 64 bytes failed: Only part of a ReadProcessMemory or WriteProcessMemory request was completed. (0x12B)
[0827/070853.573:WARNING:pe_image_reader.cc(340)] could not read dos header from C:\Program Files (x86)\Google\Chrome\Application\76.0.3809.100\chrome_elf.dll
[0827/070853.573:ERROR:process_memory_win.cc(73)] ReadMemory at 0x7ffd27540000 of 64 bytes failed: Only part of a ReadProcessMemory or WriteProcessMemory request was completed. (0x12B)
[0827/070853.573:WARNING:pe_image_reader.cc(340)] could not read dos header from C:\WINDOWS\SYSTEM32\VERSION.dll
[0827/070853.573:ERROR:process_memory_win.cc(73)] ReadMemory at 0x7ffd38620000 of 64 bytes failed: Only part of a ReadProcessMemory or WriteProcessMemory request was completed. (0x12B)
[0827/070853.573:WARNING:pe_image_reader.cc(340)] could not read dos header from C:\WINDOWS\System32\msvcrt.dll
[0827/070853.573:ERROR:process_memory_win.cc(73)] ReadMemory at 0x7ffd35130000 of 64 bytes failed: Only part of a ReadProcessMemory or WriteProcessMemory request was completed. (0x12B)
[0827/070853.573:WARNING:pe_image_reader.cc(340)] could not read dos header from C:\WINDOWS\System32\bcryptPrimitives.dll
[0827/070853.573:ERROR:process_memory_win.cc(73)] ReadMemory at 0x7ffd36280000 of 64 bytes failed: Only part of a ReadProcessMemory or WriteProcessMemory request was completed. (0x12B)
[0827/070853.573:WARNING:pe_image_reader.cc(340)] could not read dos header from C:\WINDOWS\System32\ADVAPI32.dll
[0827/070853.573:ERROR:process_memory_win.cc(73)] ReadMemory at 0x7ffd36220000 of 64 bytes failed: Only part of a ReadProcessMemory or WriteProcessMemory request was completed. (0x12B)
[0827/070853.573:WARNING:pe_image_reader.cc(340)] could not read dos header from C:\WINDOWS\System32\sechost.dll
[0827/070853.573:ERROR:process_memory_win.cc(73)] ReadMemory at 0x7ffd360f0000 of 64 bytes failed: Only part of a ReadProcessMemory or WriteProcessMemory request was completed. (0x12B)
[0827/070853.573:WARNING:pe_image_reader.cc(340)] could not read dos header from C:\WINDOWS\System32\RPCRT4.dll
[0827/070853.573:ERROR:process_memory_win.cc(73)] ReadMemory at 0x7ffcc4300000 of 64 bytes failed: Only part of a ReadProcessMemory or WriteProcessMemory request was completed. (0x12B)
[0827/070853.574:WARNING:pe_image_reader.cc(340)] could not read dos header from C:\Program Files (x86)\Google\Chrome\Application\76.0.3809.100\chrome_child.dll
[0827/070853.574:ERROR:process_memory_win.cc(73)] ReadMemory at 0x7ffd370b0000 of 64 bytes failed: Only part of a ReadProcessMemory or WriteProcessMemory request was completed. (0x12B)
[0827/070853.574:WARNING:pe_image_reader.cc(340)] could not read dos header from C:\WINDOWS\System32\OLEAUT32.dll
[0827/070853.574:ERROR:process_memory_win.cc(73)] ReadMemory at 0x7ffd35dc0000 of 64 bytes failed: Only part of a ReadProcessMemory or WriteProcessMemory request was completed. (0x12B)
[0827/070853.574:WARNING:pe_image_reader.cc(340)] could not read dos header from C:\WINDOWS\System32\msvcp_win.dll
[0827/070853.574:ERROR:process_memory_win.cc(73)] ReadMemory at 0x7ffd35cc0000 of 64 bytes failed: Only part of a ReadProcessMemory or WriteProcessMemory request was completed. (0x12B)
[0827/070853.574:WARNING:pe_image_reader.cc(340)] could not read dos header from C:\WINDOWS\System32\ucrtbase.dll
[0827/070853.574:ERROR:process_memory_win.cc(73)] ReadMemory at 0x7ffd36850000 of 64 bytes failed: Only part of a ReadProcessMemory or WriteProcessMemory request was completed. (0x12B)
[0827/070853.574:WARNING:pe_image_reader.cc(340)] could not read dos header from C:\WINDOWS\System32\combase.dll
[0827/070853.574:ERROR:process_memory_win.cc(73)] ReadMemory at 0x7ffd38920000 of 64 bytes failed: Only part of a ReadProcessMemory or WriteProcessMemory request was completed. (0x12B)
[0827/070853.574:WARNING:pe_image_reader.cc(340)] could not read dos header from C:\WINDOWS\System32\WS2_32.dll
[0827/070853.574:ERROR:process_memory_win.cc(73)] ReadMemory at 0x7ffd386c0000 of 64 bytes failed: Only part of a ReadProcessMemory or WriteProcessMemory request was completed. (0x12B)
[0827/070853.574:WARNING:pe_image_reader.cc(340)] could not read dos header from C:\WINDOWS\System32\GDI32.dll
[0827/070853.574:ERROR:process_memory_win.cc(73)] ReadMemory at 0x7ffd34f90000 of 64 bytes failed: Only part of a ReadProcessMemory or WriteProcessMemory request was completed. (0x12B)
[0827/070853.574:WARNING:pe_image_reader.cc(340)] could not read dos header from C:\WINDOWS\System32\gdi32full.dll
[0827/070853.575:ERROR:process_memory_win.cc(73)] ReadMemory at 0x7ffd38790000 of 64 bytes failed: Only part of a ReadProcessMemory or WriteProcessMemory request was completed. (0x12B)
[0827/070853.575:WARNING:pe_image_reader.cc(340)] could not read dos header from C:\WINDOWS\System32\USER32.dll
[0827/070853.575:ERROR:process_memory_win.cc(73)] ReadMemory at 0x7ffd35b40000 of 64 bytes failed: Only part of a ReadProcessMemory or WriteProcessMemory request was completed. (0x12B)
[0827/070853.575:WARNING:pe_image_reader.cc(340)] could not read dos header from C:\WINDOWS\System32\win32u.dll
[0827/070853.575:ERROR:process_memory_win.cc(73)] ReadMemory at 0x7ffd35c60000 of 64 bytes failed: Only part of a ReadProcessMemory or WriteProcessMemory request was completed. (0x12B)
[0827/070853.575:WARNING:pe_image_reader.cc(340)] could not read dos header from C:\WINDOWS\System32\WINTRUST.dll
[0827/070853.575:ERROR:process_memory_win.cc(73)] ReadMemory at 0x7ffd34f20000 of 64 bytes failed: Only part of a ReadProcessMemory or WriteProcessMemory request was completed. (0x12B)
[0827/070853.575:WARNING:pe_image_reader.cc(340)] could not read dos header from C:\WINDOWS\System32\MSASN1.dll
[0827/070853.575:ERROR:process_memory_win.cc(73)] ReadMemory at 0x7ffd35e60000 of 64 bytes failed: Only part of a ReadProcessMemory or WriteProcessMemory request was completed. (0x12B)
[0827/070853.575:WARNING:pe_image_reader.cc(340)] could not read dos header from C:\WINDOWS\System32\CRYPT32.dll
[0827/070853.575:ERROR:process_memory_win.cc(73)] ReadMemory at 0x7ffd344a0000 of 64 bytes failed: Only part of a ReadProcessMemory or WriteProcessMemory request was completed. (0x12B)
[0827/070853.575:WARNING:pe_image_reader.cc(340)] could not read dos header from C:\WINDOWS\SYSTEM32\IPHLPAPI.DLL
[0827/070853.575:ERROR:process_memory_win.cc(73)] ReadMemory at 0x7ffd329e0000 of 64 bytes failed: Only part of a ReadProcessMemory or WriteProcessMemory request was completed. (0x12B)
[0827/070853.575:WARNING:pe_image_reader.cc(340)] could not read dos header from C:\WINDOWS\SYSTEM32\WINMM.dll
[0827/070853.576:ERROR:process_memory_win.cc(73)] ReadMemory at 0x7ffd34dd0000 of 64 bytes failed: Only part of a ReadProcessMemory or WriteProcessMemory request was completed. (0x12B)
[0827/070853.576:WARNING:pe_image_reader.cc(340)] could not read dos header from C:\WINDOWS\SYSTEM32\USERENV.dll
[0827/070853.576:ERROR:process_memory_win.cc(73)] ReadMemory at 0x7ffd34f50000 of 64 bytes failed: Only part of a ReadProcessMemory or WriteProcessMemory request was completed. (0x12B)
[0827/070853.576:WARNING:pe_image_reader.cc(340)] could not read dos header from C:\WINDOWS\System32\profapi.dll
[0827/070853.576:ERROR:process_memory_win.cc(73)] ReadMemory at 0x7ffd21990000 of 64 bytes failed: Only part of a ReadProcessMemory or WriteProcessMemory request was completed. (0x12B)
[0827/070853.576:WARNING:pe_image_reader.cc(340)] could not read dos header from C:\WINDOWS\SYSTEM32\DWrite.dll
[0827/070853.576:ERROR:process_memory_win.cc(73)] ReadMemory at 0x7ffd2c270000 of 64 bytes failed: Only part of a ReadProcessMemory or WriteProcessMemory request was completed. (0x12B)
[0827/070853.576:WARNING:pe_image_reader.cc(340)] could not read dos header from C:\WINDOWS\SYSTEM32\WINSPOOL.DRV
[0827/070853.576:ERROR:process_memory_win.cc(73)] ReadMemory at 0x7ffd34f70000 of 64 bytes failed: Only part of a ReadProcessMemory or WriteProcessMemory request was completed. (0x12B)
[0827/070853.576:WARNING:pe_image_reader.cc(340)] could not read dos header from C:\WINDOWS\System32\kernel.appcore.dll
[0827/070853.576:ERROR:process_memory_win.cc(73)] ReadMemory at 0x7ffd33690000 of 64 bytes failed: Only part of a ReadProcessMemory or WriteProcessMemory request was completed. (0x12B)
[0827/070853.576:WARNING:pe_image_reader.cc(340)] could not read dos header from C:\WINDOWS\SYSTEM32\dbghelp.dll
[0827/070853.576:ERROR:process_memory_win.cc(73)] ReadMemory at 0x7ffd294c0000 of 64 bytes failed: Only part of a ReadProcessMemory or WriteProcessMemory request was completed. (0x12B)
[0827/070853.576:WARNING:pe_image_reader.cc(340)] could not read dos header from C:\WINDOWS\SYSTEM32\WINHTTP.dll
[0827/070853.576:ERROR:process_memory_win.cc(73)] ReadMemory at 0x7ffd20150000 of 64 bytes failed: Only part of a ReadProcessMemory or WriteProcessMemory request was completed. (0x12B)
[0827/070853.576:WARNING:pe_image_reader.cc(340)] could not read dos header from C:\WINDOWS\SYSTEM32\Secur32.dll
[0827/070853.576:ERROR:process_memory_win.cc(73)] ReadMemory at 0x7ffd29de0000 of 64 bytes failed: Only part of a ReadProcessMemory or WriteProcessMemory request was completed. (0x12B)
[0827/070853.577:WARNING:pe_image_reader.cc(340)] could not read dos header from C:\WINDOWS\SYSTEM32\dhcpcsvc.DLL
[0827/070853.577:ERROR:process_memory_win.cc(73)] ReadMemory at 0x7ffd36330000 of 64 bytes failed: Only part of a ReadProcessMemory or WriteProcessMemory request was completed. (0x12B)
[0827/070853.577:WARNING:pe_image_reader.cc(340)] could not read dos header from C:\WINDOWS\System32\NSI.dll
[0827/070853.577:ERROR:process_memory_win.cc(73)] ReadMemory at 0x7ffd329b0000 of 64 bytes failed: Only part of a ReadProcessMemory or WriteProcessMemory request was completed. (0x12B)
[0827/070853.577:WARNING:pe_image_reader.cc(340)] could not read dos header from C:\WINDOWS\SYSTEM32\WINMMBASE.dll
[0827/070853.577:ERROR:process_memory_win.cc(73)] ReadMemory at 0x7ffd35c10000 of 64 bytes failed: Only part of a ReadProcessMemory or WriteProcessMemory request was completed. (0x12B)
[0827/070853.577:WARNING:pe_image_reader.cc(340)] could not read dos header from C:\WINDOWS\System32\cfgmgr32.dll
[0827/070853.577:ERROR:process_memory_win.cc(73)] ReadMemory at 0x7ffd31740000 of 64 bytes failed: Only part of a ReadProcessMemory or WriteProcessMemory request was completed. (0x12B)
[0827/070853.577:WARNING:pe_image_reader.cc(340)] could not read dos header from C:\WINDOWS\SYSTEM32\PROPSYS.dll
[0827/070853.577:ERROR:process_memory_win.cc(73)] ReadMemory at 0x7ffd36bb0000 of 64 bytes failed: Only part of a ReadProcessMemory or WriteProcessMemory request was completed. (0x12B)
[0827/070853.577:WARNING:pe_image_reader.cc(340)] could not read dos header from C:\WINDOWS\System32\shcore.dll
[0827/070853.577:ERROR:process_memory_win.cc(73)] ReadMemory at 0x7ffd34a30000 of 64 bytes failed: Only part of a ReadProcessMemory or WriteProcessMemory request was completed. (0x12B)
[0827/070853.577:WARNING:pe_image_reader.cc(340)] could not read dos header from C:\WINDOWS\SYSTEM32\bcrypt.dll
[0827/070853.577:ERROR:process_memory_win.cc(73)] ReadMemory at 0x7ffd34e00000 of 64 bytes failed: Only part of a ReadProcessMemory or WriteProcessMemory request was completed. (0x12B)
[0827/070853.577:WARNING:pe_image_reader.cc(340)] could not read dos header from C:\WINDOWS\SYSTEM32\SSPICLI.DLL
[0827/070853.577:ERROR:process_memory_win.cc(73)] ReadMemory at 0x7ffd36b80000 of 64 bytes failed: Only part of a ReadProcessMemory or WriteProcessMemory request was completed. (0x12B)
[0827/070853.577:WARNING:pe_image_reader.cc(340)] could not read dos header from C:\WINDOWS\System32\IMM32.DLL
[0827/070853.578:ERROR:process_memory_win.cc(73)] ReadMemory at 0x7ffd36500000 of 64 bytes failed: Only part of a ReadProcessMemory or WriteProcessMemory request was completed. (0x12B)
[0827/070853.578:WARNING:pe_image_reader.cc(340)] could not read dos header from C:\WINDOWS\System32\ole32.dll
[0827/070853.578:ERROR:process_memory_win.cc(73)] ReadMemory at 0x7ffd34920000 of 64 bytes failed: Only part of a ReadProcessMemory or WriteProcessMemory request was completed. (0x12B)
[0827/070853.578:WARNING:pe_image_reader.cc(340)] could not read dos header from C:\WINDOWS\SYSTEM32\CRYPTBASE.DLL
[0827/070853.578:ERROR:process_memory_win.cc(73)] ReadMemory at 0x7ff6f9b20000 of 64 bytes failed: Only part of a ReadProcessMemory or WriteProcessMemory request was completed. (0x12B)
[0827/070853.578:WARNING:pe_image_reader.cc(340)] could not read dos header from C:\Program Files (x86)\Google\Chrome\Application\chrome.exe
[0827/070853.578:ERROR:process_memory_win.cc(73)] ReadMemory at 0x7ffd38bc0000 of 64 bytes failed: Only part of a ReadProcessMemory or WriteProcessMemory request was completed. (0x12B)
[0827/070853.578:WARNING:pe_image_reader.cc(340)] could not read dos header from C:\WINDOWS\SYSTEM32\ntdll.dll
[0827/070853.578:ERROR:process_memory_win.cc(73)] ReadMemory at 0x7ffd36340000 of 64 bytes failed: Only part of a ReadProcessMemory or WriteProcessMemory request was completed. (0x12B)
[0827/070853.578:WARNING:pe_image_reader.cc(340)] could not read dos header from C:\WINDOWS\System32\KERNEL32.dll
[0827/070853.578:ERROR:process_memory_win.cc(73)] ReadMemory at 0x7ffd351b0000 of 64 bytes failed: Only part of a ReadProcessMemory or WriteProcessMemory request was completed. (0x12B)
[0827/070853.578:WARNING:pe_image_reader.cc(340)] could not read dos header from C:\WINDOWS\System32\KERNELBASE.dll
[0827/070853.578:ERROR:process_memory_win.cc(73)] ReadMemory at 0x7ffcf0120000 of 64 bytes failed: Only part of a ReadProcessMemory or WriteProcessMemory request was completed. (0x12B)
[0827/070853.578:WARNING:pe_image_reader.cc(340)] could not read dos header from C:\Program Files (x86)\Google\Chrome\Application\76.0.3809.100\chrome_elf.dll
[0827/070853.578:ERROR:process_memory_win.cc(73)] ReadMemory at 0x7ffd27540000 of 64 bytes failed: Only part of a ReadProcessMemory or WriteProcessMemory request was completed. (0x12B)
[0827/070853.578:WARNING:pe_image_reader.cc(340)] could not read dos header from C:\WINDOWS\SYSTEM32\VERSION.dll
[0827/070853.578:ERROR:process_memory_win.cc(73)] ReadMemory at 0x7ffd38620000 of 64 bytes failed: Only part of a ReadProcessMemory or WriteProcessMemory request was completed. (0x12B)
[0827/070853.579:WARNING:pe_image_reader.cc(340)] could not read dos header from C:\WINDOWS\System32\msvcrt.dll
[0827/070853.579:ERROR:process_memory_win.cc(73)] ReadMemory at 0x7ffd35130000 of 64 bytes failed: Only part of a ReadProcessMemory or WriteProcessMemory request was completed. (0x12B)
[0827/070853.579:WARNING:pe_image_reader.cc(340)] could not read dos header from C:\WINDOWS\System32\bcryptPrimitives.dll
[0827/070853.579:ERROR:process_memory_win.cc(73)] ReadMemory at 0x7ffd36280000 of 64 bytes failed: Only part of a ReadProcessMemory or WriteProcessMemory request was completed. (0x12B)
[0827/070853.579:WARNING:pe_image_reader.cc(340)] could not read dos header from C:\WINDOWS\System32\ADVAPI32.dll
[0827/070853.579:ERROR:process_memory_win.cc(73)] ReadMemory at 0x7ffd36220000 of 64 bytes failed: Only part of a ReadProcessMemory or WriteProcessMemory request was completed. (0x12B)
[0827/070853.579:WARNING:pe_image_reader.cc(340)] could not read dos header from C:\WINDOWS\System32\sechost.dll
[0827/070853.579:ERROR:process_memory_win.cc(73)] ReadMemory at 0x7ffd360f0000 of 64 bytes failed: Only part of a ReadProcessMemory or WriteProcessMemory request was completed. (0x12B)
[0827/070853.579:WARNING:pe_image_reader.cc(340)] could not read dos header from C:\WINDOWS\System32\RPCRT4.dll
[0827/070853.579:ERROR:process_memory_win.cc(73)] ReadMemory at 0x7ffcc4300000 of 64 bytes failed: Only part of a ReadProcessMemory or WriteProcessMemory request was completed. (0x12B)
[0827/070853.579:WARNING:pe_image_reader.cc(340)] could not read dos header from C:\Program Files (x86)\Google\Chrome\Application\76.0.3809.100\chrome_child.dll
[0827/070853.579:ERROR:process_memory_win.cc(73)] ReadMemory at 0x7ffd370b0000 of 64 bytes failed: Only part of a ReadProcessMemory or WriteProcessMemory request was completed. (0x12B)
[0827/070853.579:WARNING:pe_image_reader.cc(340)] could not read dos header from C:\WINDOWS\System32\OLEAUT32.dll
[0827/070853.579:ERROR:process_memory_win.cc(73)] ReadMemory at 0x7ffd35dc0000 of 64 bytes failed: Only part of a ReadProcessMemory or WriteProcessMemory request was completed. (0x12B)
[0827/070853.579:WARNING:pe_image_reader.cc(340)] could not read dos header from C:\WINDOWS\System32\msvcp_win.dll
[0827/070853.579:ERROR:process_memory_win.cc(73)] ReadMemory at 0x7ffd35cc0000 of 64 bytes failed: Only part of a ReadProcessMemory or WriteProcessMemory request was completed. (0x12B)
[0827/070853.580:WARNING:pe_image_reader.cc(340)] could not read dos header from C:\WINDOWS\System32\ucrtbase.dll
[0827/070853.580:ERROR:process_memory_win.cc(73)] ReadMemory at 0x7ffd36850000 of 64 bytes failed: Only part of a ReadProcessMemory or WriteProcessMemory request was completed. (0x12B)
[0827/070853.580:WARNING:pe_image_reader.cc(340)] could not read dos header from C:\WINDOWS\System32\combase.dll
[0827/070853.580:ERROR:process_memory_win.cc(73)] ReadMemory at 0x7ffd38920000 of 64 bytes failed: Only part of a ReadProcessMemory or WriteProcessMemory request was completed. (0x12B)
[0827/070853.580:WARNING:pe_image_reader.cc(340)] could not read dos header from C:\WINDOWS\System32\WS2_32.dll
[0827/070853.580:ERROR:process_memory_win.cc(73)] ReadMemory at 0x7ffd386c0000 of 64 bytes failed: Only part of a ReadProcessMemory or WriteProcessMemory request was completed. (0x12B)
[0827/070853.580:WARNING:pe_image_reader.cc(340)] could not read dos header from C:\WINDOWS\System32\GDI32.dll
[0827/070853.580:ERROR:process_memory_win.cc(73)] ReadMemory at 0x7ffd34f90000 of 64 bytes failed: Only part of a ReadProcessMemory or WriteProcessMemory request was completed. (0x12B)
[0827/070853.580:WARNING:pe_image_reader.cc(340)] could not read dos header from C:\WINDOWS\System32\gdi32full.dll
[0827/070853.580:ERROR:process_memory_win.cc(73)] ReadMemory at 0x7ffd38790000 of 64 bytes failed: Only part of a ReadProcessMemory or WriteProcessMemory request was completed. (0x12B)
[0827/070853.580:WARNING:pe_image_reader.cc(340)] could not read dos header from C:\WINDOWS\System32\USER32.dll
[0827/070853.580:ERROR:process_memory_win.cc(73)] ReadMemory at 0x7ffd35b40000 of 64 bytes failed: Only part of a ReadProcessMemory or WriteProcessMemory request was completed. (0x12B)
[0827/070853.580:WARNING:pe_image_reader.cc(340)] could not read dos header from C:\WINDOWS\System32\win32u.dll
[0827/070853.580:ERROR:process_memory_win.cc(73)] ReadMemory at 0x7ffd35c60000 of 64 bytes failed: Only part of a ReadProcessMemory or WriteProcessMemory request was completed. (0x12B)
[0827/070853.580:WARNING:pe_image_reader.cc(340)] could not read dos header from C:\WINDOWS\System32\WINTRUST.dll
[0827/070853.580:ERROR:process_memory_win.cc(73)] ReadMemory at 0x7ffd34f20000 of 64 bytes failed: Only part of a ReadProcessMemory or WriteProcessMemory request was completed. (0x12B)
[0827/070853.580:WARNING:pe_image_reader.cc(340)] could not read dos header from C:\WINDOWS\System32\MSASN1.dll
[0827/070853.580:ERROR:process_memory_win.cc(73)] ReadMemory at 0x7ffd35e60000 of 64 bytes failed: Only part of a ReadProcessMemory or WriteProcessMemory request was completed. (0x12B)
[0827/070853.580:WARNING:pe_image_reader.cc(340)] could not read dos header from C:\WINDOWS\System32\CRYPT32.dll
[0827/070853.580:ERROR:process_memory_win.cc(73)] ReadMemory at 0x7ffd344a0000 of 64 bytes failed: Only part of a ReadProcessMemory or WriteProcessMemory request was completed. (0x12B)
[0827/070853.580:WARNING:pe_image_reader.cc(340)] could not read dos header from C:\WINDOWS\SYSTEM32\IPHLPAPI.DLL
[0827/070853.581:ERROR:process_memory_win.cc(73)] ReadMemory at 0x7ffd329e0000 of 64 bytes failed: Only part of a ReadProcessMemory or WriteProcessMemory request was completed. (0x12B)
[0827/070853.581:WARNING:pe_image_reader.cc(340)] could not read dos header from C:\WINDOWS\SYSTEM32\WINMM.dll
[0827/070853.581:ERROR:process_memory_win.cc(73)] ReadMemory at 0x7ffd34dd0000 of 64 bytes failed: Only part of a ReadProcessMemory or WriteProcessMemory request was completed. (0x12B)
[0827/070853.581:WARNING:pe_image_reader.cc(340)] could not read dos header from C:\WINDOWS\SYSTEM32\USERENV.dll
[0827/070853.581:ERROR:process_memory_win.cc(73)] ReadMemory at 0x7ffd34f50000 of 64 bytes failed: Only part of a ReadProcessMemory or WriteProcessMemory request was completed. (0x12B)
[0827/070853.581:WARNING:pe_image_reader.cc(340)] could not read dos header from C:\WINDOWS\System32\profapi.dll
[0827/070853.581:ERROR:process_memory_win.cc(73)] ReadMemory at 0x7ffd21990000 of 64 bytes failed: Only part of a ReadProcessMemory or WriteProcessMemory request was completed. (0x12B)
[0827/070853.581:WARNING:pe_image_reader.cc(340)] could not read dos header from C:\WINDOWS\SYSTEM32\DWrite.dll
[0827/070853.581:ERROR:process_memory_win.cc(73)] ReadMemory at 0x7ffd2c270000 of 64 bytes failed: Only part of a ReadProcessMemory or WriteProcessMemory request was completed. (0x12B)
[0827/070853.581:WARNING:pe_image_reader.cc(340)] could not read dos header from C:\WINDOWS\SYSTEM32\WINSPOOL.DRV
[0827/070853.581:ERROR:process_memory_win.cc(73)] ReadMemory at 0x7ffd34f70000 of 64 bytes failed: Only part of a ReadProcessMemory or WriteProcessMemory request was completed. (0x12B)
[0827/070853.581:WARNING:pe_image_reader.cc(340)] could not read dos header from C:\WINDOWS\System32\kernel.appcore.dll
[0827/070853.581:ERROR:process_memory_win.cc(73)] ReadMemory at 0x7ffd33690000 of 64 bytes failed: Only part of a ReadProcessMemory or WriteProcessMemory request was completed. (0x12B)
[0827/070853.581:WARNING:pe_image_reader.cc(340)] could not read dos header from C:\WINDOWS\SYSTEM32\dbghelp.dll
[0827/070853.581:ERROR:process_memory_win.cc(73)] ReadMemory at 0x7ffd294c0000 of 64 bytes failed: Only part of a ReadProcessMemory or WriteProcessMemory request was completed. (0x12B)
[0827/070853.581:WARNING:pe_image_reader.cc(340)] could not read dos header from C:\WINDOWS\SYSTEM32\WINHTTP.dll
[0827/070853.581:ERROR:process_memory_win.cc(73)] ReadMemory at 0x7ffd20150000 of 64 bytes failed: Only part of a ReadProcessMemory or WriteProcessMemory request was completed. (0x12B)
[0827/070853.581:WARNING:pe_image_reader.cc(340)] could not read dos header from C:\WINDOWS\SYSTEM32\Secur32.dll
[0827/070853.581:ERROR:process_memory_win.cc(73)] ReadMemory at 0x7ffd29de0000 of 64 bytes failed: Only part of a ReadProcessMemory or WriteProcessMemory request was completed. (0x12B)
[0827/070853.581:WARNING:pe_image_reader.cc(340)] could not read dos header from C:\WINDOWS\SYSTEM32\dhcpcsvc.DLL
[0827/070853.581:ERROR:process_memory_win.cc(73)] ReadMemory at 0x7ffd36330000 of 64 bytes failed: Only part of a ReadProcessMemory or WriteProcessMemory request was completed. (0x12B)
[0827/070853.582:WARNING:pe_image_reader.cc(340)] could not read dos header from C:\WINDOWS\System32\NSI.dll
[0827/070853.582:ERROR:process_memory_win.cc(73)] ReadMemory at 0x7ffd329b0000 of 64 bytes failed: Only part of a ReadProcessMemory or WriteProcessMemory request was completed. (0x12B)
[0827/070853.582:WARNING:pe_image_reader.cc(340)] could not read dos header from C:\WINDOWS\SYSTEM32\WINMMBASE.dll
[0827/070853.582:ERROR:process_memory_win.cc(73)] ReadMemory at 0x7ffd35c10000 of 64 bytes failed: Only part of a ReadProcessMemory or WriteProcessMemory request was completed. (0x12B)
[0827/070853.582:WARNING:pe_image_reader.cc(340)] could not read dos header from C:\WINDOWS\System32\cfgmgr32.dll
[0827/070853.582:ERROR:process_memory_win.cc(73)] ReadMemory at 0x7ffd31740000 of 64 bytes failed: Only part of a ReadProcessMemory or WriteProcessMemory request was completed. (0x12B)
[0827/070853.582:WARNING:pe_image_reader.cc(340)] could not read dos header from C:\WINDOWS\SYSTEM32\PROPSYS.dll
[0827/070853.582:ERROR:process_memory_win.cc(73)] ReadMemory at 0x7ffd36bb0000 of 64 bytes failed: Only part of a ReadProcessMemory or WriteProcessMemory request was completed. (0x12B)
[0827/070853.582:WARNING:pe_image_reader.cc(340)] could not read dos header from C:\WINDOWS\System32\shcore.dll
[0827/070853.582:ERROR:process_memory_win.cc(73)] ReadMemory at 0x7ffd34a30000 of 64 bytes failed: Only part of a ReadProcessMemory or WriteProcessMemory request was completed. (0x12B)
[0827/070853.582:WARNING:pe_image_reader.cc(340)] could not read dos header from C:\WINDOWS\SYSTEM32\bcrypt.dll
[0827/070853.582:ERROR:process_memory_win.cc(73)] ReadMemory at 0x7ffd34e00000 of 64 bytes failed: Only part of a ReadProcessMemory or WriteProcessMemory request was completed. (0x12B)
[0827/070853.582:WARNING:pe_image_reader.cc(340)] could not read dos header from C:\WINDOWS\SYSTEM32\SSPICLI.DLL
[0827/070853.582:ERROR:process_memory_win.cc(73)] ReadMemory at 0x7ffd36b80000 of 64 bytes failed: Only part of a ReadProcessMemory or WriteProcessMemory request was completed. (0x12B)
[0827/070853.582:WARNING:pe_image_reader.cc(340)] could not read dos header from C:\WINDOWS\System32\IMM32.DLL
[0827/070853.582:ERROR:process_memory_win.cc(73)] ReadMemory at 0x7ffd36500000 of 64 bytes failed: Only part of a ReadProcessMemory or WriteProcessMemory request was completed. (0x12B)
[0827/070853.582:WARNING:pe_image_reader.cc(340)] could not read dos header from C:\WINDOWS\System32\ole32.dll
[0827/070853.582:ERROR:process_memory_win.cc(73)] ReadMemory at 0x7ffd34920000 of 64 bytes failed: Only part of a ReadProcessMemory or WriteProcessMemory request was completed. (0x12B)
[0827/070853.582:WARNING:pe_image_reader.cc(340)] could not read dos header from C:\WINDOWS\SYSTEM32\CRYPTBASE.DLL
[0827/070853.625:ERROR:process_memory_win.cc(73)] ReadMemory at 0xf7ecbe7000 of 102400 bytes failed: Only part of a ReadProcessMemory or WriteProcessMemory request was completed. (0x12B)
[0827/070854.029:ERROR:process_memory_win.cc(73)] ReadMemory at 0xf7ecffd000 of 12288 bytes failed: Only part of a ReadProcessMemory or WriteProcessMemory request was completed. (0x12B)
[0827/070854.029:ERROR:process_memory_win.cc(73)] ReadMemory at 0xf7ed5fc000 of 16384 bytes failed: Only part of a ReadProcessMemory or WriteProcessMemory request was completed. (0x12B)
[0827/070854.029:ERROR:process_memory_win.cc(73)] ReadMemory at 0xf7ed7fe000 of 8192 bytes failed: Only part of a ReadProcessMemory or WriteProcessMemory request was completed. (0x12B)
[0827/070854.029:ERROR:process_memory_win.cc(73)] ReadMemory at 0xf7ed9fd000 of 12288 bytes failed: Only part of a ReadProcessMemory or WriteProcessMemory request was completed. (0x12B)
[0827/070854.029:ERROR:process_memory_win.cc(73)] ReadMemory at 0xf7edbfb000 of 20480 bytes failed: Only part of a ReadProcessMemory or WriteProcessMemory request was completed. (0x12B)
[0827/070854.030:ERROR:process_memory_win.cc(73)] ReadMemory at 0xf7edff6000 of 40960 bytes failed: Only part of a ReadProcessMemory or WriteProcessMemory request was completed. (0x12B)
[0827/070854.030:ERROR:process_memory_win.cc(73)] ReadMemory at 0xf7ee1f4000 of 49152 bytes failed: Only part of a ReadProcessMemory or WriteProcessMemory request was completed. (0x12B)
[0827/070854.030:ERROR:process_memory_win.cc(73)] ReadMemory at 0xf7ee3fa000 of 24576 bytes failed: Only part of a ReadProcessMemory or WriteProcessMemory request was completed. (0x12B)
[0827/070854.030:ERROR:process_memory_win.cc(73)] ReadMemory at 0xf7ee9fb000 of 20480 bytes failed: Only part of a ReadProcessMemory or WriteProcessMemory request was completed. (0x12B)
[0827/070854.030:ERROR:process_memory_win.cc(73)] ReadMemory at 0xf7eebee000 of 73728 bytes failed: Only part of a ReadProcessMemory or WriteProcessMemory request was completed. (0x12B)
[0827/070854.030:ERROR:process_memory_win.cc(73)] ReadMemory at 0xf7eddfd000 of 12288 bytes failed: Only part of a ReadProcessMemory or WriteProcessMemory request was completed. (0x12B)
[0827/070854.030:ERROR:process_memory_win.cc(73)] ReadMemory at 0xf7ee7fd000 of 12288 bytes failed: Only part of a ReadProcessMemory or WriteProcessMemory request was completed. (0x12B)
[0827/070854.031:ERROR:process_memory_win.cc(73)] ReadMemory at 0xf7ecdfd000 of 12288 bytes failed: Only part of a ReadProcessMemory or WriteProcessMemory request was completed. (0x12B)
[0827/070854.031:ERROR:process_memory_win.cc(73)] ReadMemory at 0xf7ed1ff000 of 4096 bytes failed: Only part of a ReadProcessMemory or WriteProcessMemory request was completed. (0x12B)
[0827/070854.031:ERROR:process_memory_win.cc(73)] ReadMemory at 0xf7ed3fd000 of 12288 bytes failed: Only part of a ReadProcessMemory or WriteProcessMemory request was completed. (0x12B)
[0827/070854.031:ERROR:process_memory_win.cc(73)] ReadMemory at 0xf7ee5fd000 of 12288 bytes failed: Only part of a ReadProcessMemory or WriteProcessMemory request was completed. (0x12B)
[0827/070854.031:ERROR:process_memory_win.cc(73)] ReadMemory at 0xf7eedfd000 of 12288 bytes failed: Only part of a ReadProcessMemory or WriteProcessMemory request was completed. (0x12B)
[0827/070854.031:ERROR:process_memory_win.cc(73)] ReadMemory at 0xf7eeffe000 of 8192 bytes failed: Only part of a ReadProcessMemory or WriteProcessMemory request was completed. (0x12B)
[0827/070854.031:ERROR:process_memory_win.cc(73)] ReadMemory at 0xa290a2aed9 of 512 bytes failed: Only part of a ReadProcessMemory or WriteProcessMemory request was completed. (0x12B)
[0827/070854.031:ERROR:process_memory_win.cc(73)] ReadMemory at 0xf7ec84e000 of 6024 bytes failed: Only part of a ReadProcessMemory or WriteProcessMemory request was completed. (0x12B)
[0827/070854.031:ERROR:process_memory_win.cc(73)] ReadMemory at 0xf7ec87a000 of 6024 bytes failed: Only part of a ReadProcessMemory or WriteProcessMemory request was completed. (0x12B)
[0827/070854.031:ERROR:process_memory_win.cc(73)] ReadMemory at 0xf7ec87e000 of 6024 bytes failed: Only part of a ReadProcessMemory or WriteProcessMemory request was completed. (0x12B)
[0827/070854.031:ERROR:process_memory_win.cc(73)] ReadMemory at 0xf7ec880000 of 6024 bytes failed: Only part of a ReadProcessMemory or WriteProcessMemory request was completed. (0x12B)
[0827/070854.031:ERROR:process_memory_win.cc(73)] ReadMemory at 0xf7ec882000 of 6024 bytes failed: Only part of a ReadProcessMemory or WriteProcessMemory request was completed. (0x12B)
[0827/070854.031:ERROR:process_memory_win.cc(73)] ReadMemory at 0xf7ec884000 of 6024 bytes failed: Only part of a ReadProcessMemory or WriteProcessMemory request was completed. (0x12B)
[0827/070854.031:ERROR:process_memory_win.cc(73)] ReadMemory at 0xf7ec886000 of 6024 bytes failed: Only part of a ReadProcessMemory or WriteProcessMemory request was completed. (0x12B)
[0827/070854.032:ERROR:process_memory_win.cc(73)] ReadMemory at 0xf7ec948000 of 852 bytes failed: Only part of a ReadProcessMemory or WriteProcessMemory request was completed. (0x12B)
[0827/070854.032:ERROR:process_memory_win.cc(73)] ReadMemory at 0xf7ec949000 of 6024 bytes failed: Only part of a ReadProcessMemory or WriteProcessMemory request was completed. (0x12B)
[0827/070854.032:ERROR:process_memory_win.cc(73)] ReadMemory at 0xf7ec94d000 of 6024 bytes failed: Only part of a ReadProcessMemory or WriteProcessMemory request was completed. (0x12B)
[0827/070854.032:ERROR:process_memory_win.cc(73)] ReadMemory at 0xf7ec953000 of 6024 bytes failed: Only part of a ReadProcessMemory or WriteProcessMemory request was completed. (0x12B)
[0827/070854.032:ERROR:process_memory_win.cc(73)] ReadMemory at 0xf7ec955000 of 6024 bytes failed: Only part of a ReadProcessMemory or WriteProcessMemory request was completed. (0x12B)
[0827/070854.032:ERROR:process_memory_win.cc(73)] ReadMemory at 0xf7ec957000 of 6024 bytes failed: Only part of a ReadProcessMemory or WriteProcessMemory request was completed. (0x12B)
[0827/070854.032:ERROR:process_memory_win.cc(73)] ReadMemory at 0xf7ec959000 of 6024 bytes failed: Only part of a ReadProcessMemory or WriteProcessMemory request was completed. (0x12B)
[0827/070854.032:ERROR:process_memory_win.cc(73)] ReadMemory at 0xf7ec95d000 of 6024 bytes failed: Only part of a ReadProcessMemory or WriteProcessMemory request was completed. (0x12B)
[0827/070854.032:ERROR:process_memory_win.cc(73)] ReadMemory at 0xf7ec95f000 of 6024 bytes failed: Only part of a ReadProcessMemory or WriteProcessMemory request was completed. (0x12B)
[0827/070854.032:ERROR:process_memory_win.cc(73)] ReadMemory at 0xf7ec961000 of 6024 bytes failed: Only part of a ReadProcessMemory or WriteProcessMemory request was completed. (0x12B)
[0827/070854.032:ERROR:process_memory_win.cc(73)] ReadMemory at 0xf7ec967000 of 6024 bytes failed: Only part of a ReadProcessMemory or WriteProcessMemory request was completed. (0x12B)
[0827/070854.032:ERROR:process_memory_win.cc(73)] ReadMemory at 0xf7ec969000 of 6024 bytes failed: Only part of a ReadProcessMemory or WriteProcessMemory request was completed. (0x12B)
[0827/070854.033:ERROR:process_memory_win.cc(73)] ReadMemory at 0xf7ec96f000 of 6024 bytes failed: Only part of a ReadProcessMemory or WriteProcessMemory request was completed. (0x12B)
[0827/070854.033:ERROR:process_memory_win.cc(73)] ReadMemory at 0x288c0f60ab0 of 512 bytes failed: Only part of a ReadProcessMemory or WriteProcessMemory request was completed. (0x12B)
[0827/070854.033:ERROR:process_memory_win.cc(73)] ReadMemory at 0x288c0f60fc0 of 15706 bytes failed: Only part of a ReadProcessMemory or WriteProcessMemory request was completed. (0x12B)
[0827/070854.033:ERROR:process_memory_win.cc(73)] ReadMemory at 0x288c0f64d30 of 1012 bytes failed: Only part of a ReadProcessMemory or WriteProcessMemory request was completed. (0x12B)
[0827/070854.033:ERROR:process_memory_win.cc(73)] ReadMemory at 0x288c0f65348 of 118 bytes failed: Only part of a ReadProcessMemory or WriteProcessMemory request was completed. (0x12B)
[0827/070854.033:ERROR:process_memory_win.cc(73)] ReadMemory at 0x288c0f653c0 of 862 bytes failed: Only part of a ReadProcessMemory or WriteProcessMemory request was completed. (0x12B)
[0827/070854.033:ERROR:process_memory_win.cc(73)] ReadMemory at 0x288c0f65720 of 118 bytes failed: Only part of a ReadProcessMemory or WriteProcessMemory request was completed. (0x12B)
[0827/070854.033:ERROR:process_memory_win.cc(73)] ReadMemory at 0x288c0f65798 of 98 bytes failed: Only part of a ReadProcessMemory or WriteProcessMemory request was completed. (0x12B)
[0827/070854.033:ERROR:process_memory_win.cc(73)] ReadMemory at 0x288c0f65810 of 58 bytes failed: Only part of a ReadProcessMemory or WriteProcessMemory request was completed. (0x12B)
[0827/070854.033:ERROR:process_memory_win.cc(73)] ReadMemory at 0x288c0f65910 of 132 bytes failed: Only part of a ReadProcessMemory or WriteProcessMemory request was completed. (0x12B)
[0827/070854.033:ERROR:process_memory_win.cc(73)] ReadMemory at 0x288c0f65aa0 of 132 bytes failed: Only part of a ReadProcessMemory or WriteProcessMemory request was completed. (0x12B)
[0827/070854.033:ERROR:process_memory_win.cc(73)] ReadMemory at 0x288c0f65c60 of 126 bytes failed: Only part of a ReadProcessMemory or WriteProcessMemory request was completed. (0x12B)
[0827/070854.033:ERROR:process_memory_win.cc(73)] ReadMemory at 0x288c0f65f50 of 132 bytes failed: Only part of a ReadProcessMemory or WriteProcessMemory request was completed. (0x12B)
[0827/070854.033:ERROR:process_memory_win.cc(73)] ReadMemory at 0x288c0f66840 of 132 bytes failed: Only part of a ReadProcessMemory or WriteProcessMemory request was completed. (0x12B)
[0827/070854.033:ERROR:process_memory_win.cc(73)] ReadMemory at 0x288c0f669d0 of 64 bytes failed: Only part of a ReadProcessMemory or WriteProcessMemory request was completed. (0x12B)
[0827/070854.033:ERROR:process_memory_win.cc(73)] ReadMemory at 0x288c0f66a20 of 132 bytes failed: Only part of a ReadProcessMemory or WriteProcessMemory request was completed. (0x12B)
[0827/070854.033:ERROR:process_memory_win.cc(73)] ReadMemory at 0x288c0f66e20 of 132 bytes failed: Only part of a ReadProcessMemory or WriteProcessMemory request was completed. (0x12B)
[0827/070854.033:ERROR:process_memory_win.cc(73)] ReadMemory at 0x288c0f66fb0 of 68 bytes failed: Only part of a ReadProcessMemory or WriteProcessMemory request was completed. (0x12B)
[0827/070854.034:ERROR:process_memory_win.cc(73)] ReadMemory at 0x288c0f6e310 of 132 bytes failed: Only part of a ReadProcessMemory or WriteProcessMemory request was completed. (0x12B)
[0827/070854.034:ERROR:process_memory_win.cc(73)] ReadMemory at 0x288c0f6e440 of 154 bytes failed: Only part of a ReadProcessMemory or WriteProcessMemory request was completed. (0x12B)
[0827/070854.034:ERROR:process_memory_win.cc(73)] ReadMemory at 0x288c0f6ecd0 of 132 bytes failed: Only part of a ReadProcessMemory or WriteProcessMemory request was completed. (0x12B)
[0827/070854.034:ERROR:process_memory_win.cc(73)] ReadMemory at 0x288c0f6f3c0 of 158 bytes failed: Only part of a ReadProcessMemory or WriteProcessMemory request was completed. (0x12B)
[0827/070854.034:ERROR:process_memory_win.cc(73)] ReadMemory at 0x288c0f6f4a0 of 132 bytes failed: Only part of a ReadProcessMemory or WriteProcessMemory request was completed. (0x12B)
[0827/070854.034:ERROR:process_memory_win.cc(73)] ReadMemory at 0x288c0f70070 of 132 bytes failed: Only part of a ReadProcessMemory or WriteProcessMemory request was completed. (0x12B)
[0827/070854.034:ERROR:process_memory_win.cc(73)] ReadMemory at 0x288c0f71e80 of 54 bytes failed: Only part of a ReadProcessMemory or WriteProcessMemory request was completed. (0x12B)
[0827/070854.034:ERROR:process_memory_win.cc(73)] ReadMemory at 0x288c0f72670 of 58 bytes failed: Only part of a ReadProcessMemory or WriteProcessMemory request was completed. (0x12B)
[0827/070854.034:ERROR:process_memory_win.cc(73)] ReadMemory at 0x288c0f727b0 of 60 bytes failed: Only part of a ReadProcessMemory or WriteProcessMemory request was completed. (0x12B)
[0827/070854.034:ERROR:process_memory_win.cc(73)] ReadMemory at 0x288c0f728f0 of 62 bytes failed: Only part of a ReadProcessMemory or WriteProcessMemory request was completed. (0x12B)
[0827/070854.034:ERROR:process_memory_win.cc(73)] ReadMemory at 0x288c0f747e0 of 80 bytes failed: Only part of a ReadProcessMemory or WriteProcessMemory request was completed. (0x12B)
[0827/070854.034:ERROR:process_memory_win.cc(73)] ReadMemory at 0x288c0f74ca0 of 132 bytes failed: Only part of a ReadProcessMemory or WriteProcessMemory request was completed. (0x12B)
[0827/070854.034:ERROR:process_memory_win.cc(73)] ReadMemory at 0x288c0f74eb0 of 132 bytes failed: Only part of a ReadProcessMemory or WriteProcessMemory request was completed. (0x12B)
[0827/070854.034:ERROR:process_memory_win.cc(73)] ReadMemory at 0x288c0f75370 of 132 bytes failed: Only part of a ReadProcessMemory or WriteProcessMemory request was completed. (0x12B)
[0827/070854.034:ERROR:process_memory_win.cc(73)] ReadMemory at 0x288c0f75bb0 of 76 bytes failed: Only part of a ReadProcessMemory or WriteProcessMemory request was completed. (0x12B)
[0827/070854.034:ERROR:process_memory_win.cc(73)] ReadMemory at 0x288c0f78920 of 66 bytes failed: Only part of a ReadProcessMemory or WriteProcessMemory request was completed. (0x12B)
[0827/070854.034:ERROR:process_memory_win.cc(73)] ReadMemory at 0x288c0f78970 of 60 bytes failed: Only part of a ReadProcessMemory or WriteProcessMemory request was completed. (0x12B)
[0827/070854.034:ERROR:process_memory_win.cc(73)] ReadMemory at 0x288c0f789c0 of 62 bytes failed: Only part of a ReadProcessMemory or WriteProcessMemory request was completed. (0x12B)
[0827/070854.034:ERROR:process_memory_win.cc(73)] ReadMemory at 0x288c0f78a10 of 62 bytes failed: Only part of a ReadProcessMemory or WriteProcessMemory request was completed. (0x12B)
[0827/070854.034:ERROR:process_memory_win.cc(73)] ReadMemory at 0x288c0f78a60 of 64 bytes failed: Only part of a ReadProcessMemory or WriteProcessMemory request was completed. (0x12B)
[0827/070854.035:ERROR:process_memory_win.cc(73)] ReadMemory at 0x288c0f78ab0 of 60 bytes failed: Only part of a ReadProcessMemory or WriteProcessMemory request was completed. (0x12B)
[0827/070854.035:ERROR:process_memory_win.cc(73)] ReadMemory at 0x288c0f78b00 of 66 bytes failed: Only part of a ReadProcessMemory or WriteProcessMemory request was completed. (0x12B)
[0827/070854.035:ERROR:process_memory_win.cc(73)] ReadMemory at 0x288c0f78b50 of 58 bytes failed: Only part of a ReadProcessMemory or WriteProcessMemory request was completed. (0x12B)
[0827/070854.035:ERROR:process_memory_win.cc(73)] ReadMemory at 0x288c0f78bf0 of 62 bytes failed: Only part of a ReadProcessMemory or WriteProcessMemory request was completed. (0x12B)
[0827/070854.035:ERROR:process_memory_win.cc(73)] ReadMemory at 0x288c0f78c40 of 62 bytes failed: Only part of a ReadProcessMemory or WriteProcessMemory request was completed. (0x12B)
[0827/070854.035:ERROR:process_memory_win.cc(73)] ReadMemory at 0x288c0f78ce0 of 60 bytes failed: Only part of a ReadProcessMemory or WriteProcessMemory request was completed. (0x12B)
[0827/070854.035:ERROR:process_memory_win.cc(73)] ReadMemory at 0x288c0f78d80 of 62 bytes failed: Only part of a ReadProcessMemory or WriteProcessMemory request was completed. (0x12B)
[0827/070854.035:ERROR:process_memory_win.cc(73)] ReadMemory at 0x288c0f78dd0 of 64 bytes failed: Only part of a ReadProcessMemory or WriteProcessMemory request was completed. (0x12B)
[0827/070854.035:ERROR:process_memory_win.cc(73)] ReadMemory at 0x288c0f78e20 of 60 bytes failed: Only part of a ReadProcessMemory or WriteProcessMemory request was completed. (0x12B)
[0827/070854.035:ERROR:process_memory_win.cc(73)] ReadMemory at 0x288c0f78e70 of 62 bytes failed: Only part of a ReadProcessMemory or WriteProcessMemory request was completed. (0x12B)
[0827/070854.035:ERROR:process_memory_win.cc(73)] ReadMemory at 0x288c0f78ec0 of 62 bytes failed: Only part of a ReadProcessMemory or WriteProcessMemory request was completed. (0x12B)
[0827/070854.035:ERROR:process_memory_win.cc(73)] ReadMemory at 0x288c0f78f10 of 60 bytes failed: Only part of a ReadProcessMemory or WriteProcessMemory request was completed. (0x12B)
[0827/070854.035:ERROR:process_memory_win.cc(73)] ReadMemory at 0x288c0f78f60 of 64 bytes failed: Only part of a ReadProcessMemory or WriteProcessMemory request was completed. (0x12B)
[0827/070854.035:ERROR:process_memory_win.cc(73)] ReadMemory at 0x288c0f79050 of 62 bytes failed: Only part of a ReadProcessMemory or WriteProcessMemory request was completed. (0x12B)
[0827/070854.035:ERROR:process_memory_win.cc(73)] ReadMemory at 0x288c0f790f0 of 66 bytes failed: Only part of a ReadProcessMemory or WriteProcessMemory request was completed. (0x12B)
[0827/070854.035:ERROR:process_memory_win.cc(73)] ReadMemory at 0x288c0f791e0 of 64 bytes failed: Only part of a ReadProcessMemory or WriteProcessMemory request was completed. (0x12B)
[0827/070854.035:ERROR:process_memory_win.cc(73)] ReadMemory at 0x288c0f79280 of 64 bytes failed: Only part of a ReadProcessMemory or WriteProcessMemory request was completed. (0x12B)
[0827/070854.207:ERROR:process_memory_win.cc(73)] ReadMemory at 0x288c0f792d0 of 58 bytes failed: Only part of a ReadProcessMemory or WriteProcessMemory request was completed. (0x12B)
[0827/070854.207:ERROR:process_memory_win.cc(73)] ReadMemory at 0x288c0f79320 of 64 bytes failed: Only part of a ReadProcessMemory or WriteProcessMemory request was completed. (0x12B)
[0827/070854.207:ERROR:process_memory_win.cc(73)] ReadMemory at 0x288c0f79370 of 64 bytes failed: Only part of a ReadProcessMemory or WriteProcessMemory request was completed. (0x12B)
[0827/070854.207:ERROR:process_memory_win.cc(73)] ReadMemory at 0x288c0f79460 of 64 bytes failed: Only part of a ReadProcessMemory or WriteProcessMemory request was completed. (0x12B)
[0827/070854.208:ERROR:process_memory_win.cc(73)] ReadMemory at 0x288c0f79500 of 60 bytes failed: Only part of a ReadProcessMemory or WriteProcessMemory request was completed. (0x12B)
[0827/070854.208:ERROR:process_memory_win.cc(73)] ReadMemory at 0x288c0f79550 of 60 bytes failed: Only part of a ReadProcessMemory or WriteProcessMemory request was completed. (0x12B)
[0827/070854.208:ERROR:process_memory_win.cc(73)] ReadMemory at 0x288c0f795a0 of 60 bytes failed: Only part of a ReadProcessMemory or WriteProcessMemory request was completed. (0x12B)
[0827/070854.208:ERROR:process_memory_win.cc(73)] ReadMemory at 0x288c0f795f0 of 62 bytes failed: Only part of a ReadProcessMemory or WriteProcessMemory request was completed. (0x12B)
[0827/070854.208:ERROR:process_memory_win.cc(73)] ReadMemory at 0x288c0f79640 of 62 bytes failed: Only part of a ReadProcessMemory or WriteProcessMemory request was completed. (0x12B)
[0827/070854.208:ERROR:process_memory_win.cc(73)] ReadMemory at 0x288c0f7a140 of 132 bytes failed: Only part of a ReadProcessMemory or WriteProcessMemory request was completed. (0x12B)
[0827/070854.209:ERROR:process_memory_win.cc(73)] ReadMemory at 0x288c0f7a270 of 132 bytes failed: Only part of a ReadProcessMemory or WriteProcessMemory request was completed. (0x12B)
[0827/070854.209:ERROR:process_memory_win.cc(73)] ReadMemory at 0x288c0f7a3a0 of 132 bytes failed: Only part of a ReadProcessMemory or WriteProcessMemory request was completed. (0x12B)
[0827/070854.209:ERROR:process_memory_win.cc(73)] ReadMemory at 0x288c0f7a4d0 of 132 bytes failed: Only part of a ReadProcessMemory or WriteProcessMemory request was completed. (0x12B)
[0827/070854.209:ERROR:process_memory_win.cc(73)] ReadMemory at 0x288c0f7a600 of 132 bytes failed: Only part of a ReadProcessMemory or WriteProcessMemory request was completed. (0x12B)
[0827/070854.209:ERROR:process_memory_win.cc(73)] ReadMemory at 0x288c0f7a860 of 132 bytes failed: Only part of a ReadProcessMemory or WriteProcessMemory request was completed. (0x12B)
[0827/070854.209:ERROR:process_memory_win.cc(73)] ReadMemory at 0x288c0f7a990 of 132 bytes failed: Only part of a ReadProcessMemory or WriteProcessMemory request was completed. (0x12B)
[0827/070854.209:ERROR:process_memory_win.cc(73)] ReadMemory at 0x288c0f7aac0 of 132 bytes failed: Only part of a ReadProcessMemory or WriteProcessMemory request was completed. (0x12B)
[0827/070854.210:ERROR:process_memory_win.cc(73)] ReadMemory at 0x288c0f7abf0 of 132 bytes failed: Only part of a ReadProcessMemory or WriteProcessMemory request was completed. (0x12B)
[0827/070854.210:ERROR:process_memory_win.cc(73)] ReadMemory at 0x288c0f7ad20 of 132 bytes failed: Only part of a ReadProcessMemory or WriteProcessMemory request was completed. (0x12B)
[0827/070854.210:ERROR:process_memory_win.cc(73)] ReadMemory at 0x288c0f7ae50 of 132 bytes failed: Only part of a ReadProcessMemory or WriteProcessMemory request was completed. (0x12B)
[0827/070854.210:ERROR:process_memory_win.cc(73)] ReadMemory at 0x288c0f7af80 of 132 bytes failed: Only part of a ReadProcessMemory or WriteProcessMemory request was completed. (0x12B)
[0827/070854.210:ERROR:process_memory_win.cc(73)] ReadMemory at 0x288c0f7c020 of 132 bytes failed: Only part of a ReadProcessMemory or WriteProcessMemory request was completed. (0x12B)
[0827/070854.210:ERROR:process_memory_win.cc(73)] ReadMemory at 0x288c0f7dbd0 of 132 bytes failed: Only part of a ReadProcessMemory or WriteProcessMemory request was completed. (0x12B)
[0827/070854.211:ERROR:process_memory_win.cc(73)] ReadMemory at 0x288c0f81880 of 512 bytes failed: Only part of a ReadProcessMemory or WriteProcessMemory request was completed. (0x12B)
[0827/070854.211:ERROR:process_memory_win.cc(73)] ReadMemory at 0x288c0f81cf0 of 132 bytes failed: Only part of a ReadProcessMemory or WriteProcessMemory request was completed. (0x12B)
[0827/070854.211:ERROR:process_memory_win.cc(73)] ReadMemory at 0x288c0f81f50 of 132 bytes failed: Only part of a ReadProcessMemory or WriteProcessMemory request was completed. (0x12B)
[0827/070854.211:ERROR:process_memory_win.cc(73)] ReadMemory at 0x288c0f82080 of 132 bytes failed: Only part of a ReadProcessMemory or WriteProcessMemory request was completed. (0x12B)
[0827/070854.211:ERROR:process_memory_win.cc(73)] ReadMemory at 0x288c0f821b0 of 132 bytes failed: Only part of a ReadProcessMemory or WriteProcessMemory request was completed. (0x12B)
[0827/070854.211:ERROR:process_memory_win.cc(73)] ReadMemory at 0x288c0f822e0 of 132 bytes failed: Only part of a ReadProcessMemory or WriteProcessMemory request was completed. (0x12B)
[0827/070854.211:ERROR:process_memory_win.cc(73)] ReadMemory at 0x288c0f82540 of 132 bytes failed: Only part of a ReadProcessMemory or WriteProcessMemory request was completed. (0x12B)
[0827/070854.212:ERROR:process_memory_win.cc(73)] ReadMemory at 0x288c0f82670 of 132 bytes failed: Only part of a ReadProcessMemory or WriteProcessMemory request was completed. (0x12B)
[0827/070854.212:ERROR:process_memory_win.cc(73)] ReadMemory at 0x288c0f827a0 of 132 bytes failed: Only part of a ReadProcessMemory or WriteProcessMemory request was completed. (0x12B)
[0827/070854.212:ERROR:process_memory_win.cc(73)] ReadMemory at 0x288c0f82a00 of 132 bytes failed: Only part of a ReadProcessMemory or WriteProcessMemory request was completed. (0x12B)
[0827/070854.212:ERROR:process_memory_win.cc(73)] ReadMemory at 0x288c0f82ff0 of 132 bytes failed: Only part of a ReadProcessMemory or WriteProcessMemory request was completed. (0x12B)
[0827/070854.212:ERROR:process_memory_win.cc(73)] ReadMemory at 0x288c0f83120 of 132 bytes failed: Only part of a ReadProcessMemory or WriteProcessMemory request was completed. (0x12B)
[0827/070854.212:ERROR:process_memory_win.cc(73)] ReadMemory at 0x288c0f83250 of 132 bytes failed: Only part of a ReadProcessMemory or WriteProcessMemory request was completed. (0x12B)
[0827/070854.213:ERROR:process_memory_win.cc(73)] ReadMemory at 0x288c0f83380 of 132 bytes failed: Only part of a ReadProcessMemory or WriteProcessMemory request was completed. (0x12B)
[0827/070854.213:ERROR:process_memory_win.cc(73)] ReadMemory at 0x288c0f834b0 of 132 bytes failed: Only part of a ReadProcessMemory or WriteProcessMemory request was completed. (0x12B)
[0827/070854.213:ERROR:process_memory_win.cc(73)] ReadMemory at 0x288c0f835e0 of 132 bytes failed: Only part of a ReadProcessMemory or WriteProcessMemory request was completed. (0x12B)
[0827/070854.213:ERROR:process_memory_win.cc(73)] ReadMemory at 0x288c0f83710 of 132 bytes failed: Only part of a ReadProcessMemory or WriteProcessMemory request was completed. (0x12B)
[0827/070854.213:ERROR:process_memory_win.cc(73)] ReadMemory at 0x288c0f83aa0 of 132 bytes failed: Only part of a ReadProcessMemory or WriteProcessMemory request was completed. (0x12B)
[0827/070854.213:ERROR:process_memory_win.cc(73)] ReadMemory at 0x288c0f8cc70 of 58 bytes failed: Only part of a ReadProcessMemory or WriteProcessMemory request was completed. (0x12B)
[0827/070854.213:ERROR:process_memory_win.cc(73)] ReadMemory at 0x288c0f9f130 of 512 bytes failed: Only part of a ReadProcessMemory or WriteProcessMemory request was completed. (0x12B)
[0827/070854.214:ERROR:process_memory_win.cc(73)] ReadMemory at 0x288c0fa0080 of 512 bytes failed: Only part of a ReadProcessMemory or WriteProcessMemory request was completed. (0x12B)
[0827/070854.214:ERROR:process_memory_win.cc(73)] ReadMemory at 0x288c11c13c0 of 512 bytes failed: Only part of a ReadProcessMemory or WriteProcessMemory request was completed. (0x12B)
[0827/070854.214:ERROR:process_memory_win.cc(73)] ReadMemory at 0x288c15ee6f0 of 512 bytes failed: Only part of a ReadProcessMemory or WriteProcessMemory request was completed. (0x12B)
[0827/070854.214:ERROR:process_memory_win.cc(73)] ReadMemory at 0x288c15f7420 of 512 bytes failed: Only part of a ReadProcessMemory or WriteProcessMemory request was completed. (0x12B)
[0827/070854.214:ERROR:process_memory_win.cc(73)] ReadMemory at 0x288c161ae00 of 512 bytes failed: Only part of a ReadProcessMemory or WriteProcessMemory request was completed. (0x12B)
[0827/070854.464:ERROR:process_memory_win.cc(73)] ReadMemory at 0x288c1622be0 of 712 bytes failed: Only part of a ReadProcessMemory or WriteProcessMemory request was completed. (0x12B)
[0827/070854.465:ERROR:process_memory_win.cc(73)] ReadMemory at 0x288c162fa40 of 512 bytes failed: Only part of a ReadProcessMemory or WriteProcessMemory request was completed. (0x12B)
[0827/070854.465:ERROR:process_memory_win.cc(73)] ReadMemory at 0x288c1672070 of 512 bytes failed: Only part of a ReadProcessMemory or WriteProcessMemory request was completed. (0x12B)
[0827/070854.465:ERROR:process_memory_win.cc(73)] ReadMemory at 0x288c16a5038 of 512 bytes failed: Only part of a ReadProcessMemory or WriteProcessMemory request was completed. (0x12B)
[0827/070854.466:ERROR:process_memory_win.cc(73)] ReadMemory at 0x288c33dabc8 of 512 bytes failed: Only part of a ReadProcessMemory or WriteProcessMemory request was completed. (0x12B)
[0827/070854.466:ERROR:process_memory_win.cc(73)] ReadMemory at 0x288c33daf28 of 512 bytes failed: Only part of a ReadProcessMemory or WriteProcessMemory request was completed. (0x12B)
[0827/070854.467:ERROR:process_memory_win.cc(73)] ReadMemory at 0x288c33db1f8 of 512 bytes failed: Only part of a ReadProcessMemory or WriteProcessMemory request was completed. (0x12B)
[0827/070854.467:ERROR:process_memory_win.cc(73)] ReadMemory at 0x288c46c1300 of 512 bytes failed: Only part of a ReadProcessMemory or WriteProcessMemory request was completed. (0x12B)
[0827/070854.467:ERROR:process_memory_win.cc(73)] ReadMemory at 0x288c5118470 of 512 bytes failed: Only part of a ReadProcessMemory or WriteProcessMemory request was completed. (0x12B)
[0827/070854.467:ERROR:process_memory_win.cc(73)] ReadMemory at 0x288c530d8c0 of 512 bytes failed: Only part of a ReadProcessMemory or WriteProcessMemory request was completed. (0x12B)
[0827/070854.467:ERROR:process_memory_win.cc(73)] ReadMemory at 0x288c58642b0 of 512 bytes failed: Only part of a ReadProcessMemory or WriteProcessMemory request was completed. (0x12B)
[0827/070854.467:ERROR:process_memory_win.cc(73)] ReadMemory at 0x288c59bc8a0 of 512 bytes failed: Only part of a ReadProcessMemory or WriteProcessMemory request was completed. (0x12B)
[0827/070854.467:ERROR:process_memory_win.cc(73)] ReadMemory at 0x288c8665000 of 400 bytes failed: Only part of a ReadProcessMemory or WriteProcessMemory request was completed. (0x12B)
[0827/070854.468:ERROR:process_memory_win.cc(73)] ReadMemory at 0x288c8d0dfa0 of 512 bytes failed: Only part of a ReadProcessMemory or WriteProcessMemory request was completed. (0x12B)
[0827/070854.468:ERROR:process_memory_win.cc(73)] ReadMemory at 0x288c9f43cd0 of 512 bytes failed: Only part of a ReadProcessMemory or WriteProcessMemory request was completed. (0x12B)
[0827/070854.468:ERROR:process_memory_win.cc(73)] ReadMemory at 0x288c9f44ff0 of 512 bytes failed: Only part of a ReadProcessMemory or WriteProcessMemory request was completed. (0x12B)
[0827/070854.468:ERROR:process_memory_win.cc(73)] ReadMemory at 0x288cc738090 of 512 bytes failed: Only part of a ReadProcessMemory or WriteProcessMemory request was completed. (0x12B)
[0827/070854.468:ERROR:process_memory_win.cc(73)] ReadMemory at 0x1f4510c644c9 of 512 bytes failed: Only part of a ReadProcessMemory or WriteProcessMemory request was completed. (0x12B)
[0827/070854.468:ERROR:process_memory_win.cc(73)] ReadMemory at 0x313e3e81e49b of 512 bytes failed: Only part of a ReadProcessMemory or WriteProcessMemory request was completed. (0x12B)
[0827/070854.469:ERROR:process_memory_win.cc(73)] ReadMemory at 0x374f024d0959 of 512 bytes failed: Only part of a ReadProcessMemory or WriteProcessMemory request was completed. (0x12B)
[0827/070854.469:ERROR:process_memory_win.cc(73)] ReadMemory at 0x374f024fd999 of 512 bytes failed: Only part of a ReadProcessMemory or WriteProcessMemory request was completed. (0x12B)
[0827/070854.469:ERROR:process_memory_win.cc(73)] ReadMemory at 0x7a13be00d331 of 512 bytes failed: Only part of a ReadProcessMemory or WriteProcessMemory request was completed. (0x12B)
[0827/070854.469:ERROR:process_memory_win.cc(73)] ReadMemory at 0x7ffcc5122560 of 512 bytes failed: Only part of a ReadProcessMemory or WriteProcessMemory request was completed. (0x12B)
[0827/070854.469:ERROR:process_memory_win.cc(73)] ReadMemory at 0x7ffcc5d24a1c of 512 bytes failed: Only part of a ReadProcessMemory or WriteProcessMemory request was completed. (0x12B)
[0827/070854.469:ERROR:process_memory_win.cc(73)] ReadMemory at 0x7ffcf014580a of 512 bytes failed: Only part of a ReadProcessMemory or WriteProcessMemory request was completed. (0x12B)
[0827/070854.469:ERROR:process_memory_win.cc(73)] ReadMemory at 0x7ffcf0146061 of 512 bytes failed: Only part of a ReadProcessMemory or WriteProcessMemory request was completed. (0x12B)
[0827/070854.470:ERROR:process_memory_win.cc(73)] ReadMemory at 0x7ffd36360e00 of 512 bytes failed: Only part of a ReadProcessMemory or WriteProcessMemory request was completed. (0x12B)
[0827/070854.470:ERROR:process_memory_win.cc(73)] ReadMemory at 0x7ffd38be79f0 of 512 bytes failed: Only part of a ReadProcessMemory or WriteProcessMemory request was completed. (0x12B)
[0827/070854.470:ERROR:process_memory_win.cc(73)] ReadMemory at 0x7ffd38be82e0 of 512 bytes failed: Only part of a ReadProcessMemory or WriteProcessMemory request was completed. (0x12B)
[0827/070854.470:ERROR:process_memory_win.cc(73)] ReadMemory at 0x7ffd38bea0d0 of 512 bytes failed: Only part of a ReadProcessMemory or WriteProcessMemory request was completed. (0x12B)
[0827/070854.470:ERROR:process_memory_win.cc(73)] ReadMemory at 0x7ffd38c5a9a4 of 672 bytes failed: Only part of a ReadProcessMemory or WriteProcessMemory request was completed. (0x12B)
[0827/070854.470:ERROR:process_memory_win.cc(73)] ReadMemory at 0x7ffd38c5e214 of 608 bytes failed: Only part of a ReadProcessMemory or WriteProcessMemory request was completed. (0x12B)
[0827/070854.470:ERROR:process_memory_win.cc(73)] ReadMemory at 0x7ffd38ce01e0 of 18 bytes failed: Only part of a ReadProcessMemory or WriteProcessMemory request was completed. (0x12B)
[0827/070854.471:ERROR:process_memory_win.cc(73)] ReadMemory at 0x7ffd38d165b0 of 40 bytes failed: Only part of a ReadProcessMemory or WriteProcessMemory request was completed. (0x12B)
[0827/070854.471:ERROR:process_memory_win.cc(73)] ReadMemory at 0x7ffd38d16a08 of 48 bytes failed: Only part of a ReadProcessMemory or WriteProcessMemory request was completed. (0x12B)
[0827/070854.471:ERROR:process_memory_win.cc(73)] ReadMemory at 0x7ffd38d1c360 of 64 bytes failed: Only part of a ReadProcessMemory or WriteProcessMemory request was completed. (0x12B)
[0827/070854.486:ERROR:scoped_process_suspend.cc(40)] NtResumeProcess: An attempt was made to access an exiting process. (0xc000010a)
[0919/100420.336:ERROR:settings.cc(320)] Settings magic is not 1129342067
